version: (200506)

available memory: 64M bytes
used memory: 155648 bytes [need 152K bytes if disable swap]

used block: 5 [memory(5) file(0)]
                 [ 8K(3) 64K(2) { total 152K bytes } ]
overhead: (9538) bytes for (5) blocks [Average: (1907) bytes/block]

write  => 0(times) 0K(bytes) [0K bytes to file]
read   => 2(times) 31K(bytes) [6K bytes compressed data from file]
access => 341931(times) 2677M(bytes)
          [hit ratio: 99.9994%]

time: write(0) read(0)  unit: second

swap file directory: (/home/cudia2/Desktop/NSK_Research/m_compression/lzrw1-compression-core/verdiLog)
used swap file number: (3)



swap file manager:
arrSize: (256)
idxCnt: (4)
closeHead: (1)
closeTail: (3)
openCnt: (1)
fid(3): fd(0) fileName(NULL)
	mode(rb)	hot(1) cool(0) pos(0)
fid(2): fd(27) fileName(/home/cudia2/Desktop/NSK_Research/m_compression/lzrw1-compression-core/verdiLog/_swap_0001#380396006#1316316)
	size(0) lastModTime(0) curModTime(1726876827)
	mode(w+b)	hot(3) cool(1) pos(0)
fid(1): fd(0) fileName(NULL)
	mode(rb)	hot(2) cool(3) pos(0)
fid(0): fd(0) fileName(NULL)
	mode(NULL)	hot(0) cool(0) pos(0)
Swap system is reset at (Fri Sep 20 19:01:08 2024
)
version: (200506)

available memory: 64M bytes
used memory: 319488 bytes [need 160K bytes if disable swap]

used block: 11 [memory(11) file(0)]
                 [ 8K(7) 64K(4) { total 312K bytes } ]
overhead: (9538) bytes for (11) blocks [Average: (867) bytes/block]

write  => 0(times) 0K(bytes) [0K bytes to file]
read   => 4(times) 57K(bytes) [11K bytes compressed data from file]
access => 408412(times) 3204M(bytes)
          [hit ratio: 99.999%]

time: write(0) read(0)  unit: second

swap file directory: (/home/cudia2/Desktop/NSK_Research/m_compression/lzrw1-compression-core/verdiLog)
used swap file number: (6)



swap file manager:
arrSize: (256)
idxCnt: (7)
closeHead: (4)
closeTail: (6)
openCnt: (3)
fid(6): fd(1073741825) fileName(/home/cudia2/Desktop/NSK_Research/m_compression/lzrw1-compression-core/simv.daidir/kdb.elab++/work.lib++/compinput.sv.tdc)
	size(5042) lastModTime(1726876791) curModTime(1726876791)
	mode(rb)	hot(0) cool(5) pos(0)
fid(5): fd(36) fileName(/home/cudia2/Desktop/NSK_Research/m_compression/lzrw1-compression-core/verdiLog/_swap_0001#380396006#1316316)
	size(0) lastModTime(0) curModTime(1726876869)
	mode(w+b)	hot(6) cool(4) pos(0)
fid(4): fd(1073741824) fileName(/home/cudia2/Desktop/NSK_Research/m_compression/lzrw1-compression-core/simv.daidir/kdb.elab++/work.lib++/compressor_top.sv.tdc)
	size(3034) lastModTime(1726876791) curModTime(1726876791)
	mode(rb)	hot(5) cool(0) pos(0)
fid(3): fd(0) fileName(NULL)
	mode(NULL)	hot(0) cool(0) pos(0)
fid(2): fd(0) fileName(NULL)
	mode(NULL)	hot(0) cool(0) pos(0)
fid(1): fd(0) fileName(NULL)
	mode(NULL)	hot(0) cool(0) pos(0)
fid(0): fd(0) fileName(NULL)
	mode(NULL)	hot(0) cool(0) pos(0)
==================================================
mySelf(183f6440) pre(17dbed70) next(0)
version(200506)
date(Mar 24 2021 03:58:02)
