################################################################################
#
# This file has been generated by SpyGlass:
#     Report Created by: cudia2
#     Report Created on: Wed Oct 23 17:35:49 2024
#     Working Directory: /home/cudia2/Desktop/NSK_Research/m_compression/lzrw1-comp-core/lint
#     Report Location  : ./spyglass-1/combined_top/lint/lint_turbo_rtl/spyglass_reports/SpyGlass/elab_summary.rpt
#     SpyGlass Version : SpyGlass_vR-2020.12-SP1-1
#     Policy Name      : SpyGlass(SpyGlass_vR-2020.12-SP1-01)
#     Comment          : This report contains RTL and Elaborated names along with parameter values
#
################################################################################

================================================================================
Elaborated Name: 'compressor_top'
    (RTL Design Unit name: 'compressor_top', /home/cudia2/Desktop/NSK_Research/m_compression/lzrw1-comp-core/lint/../hdl/compressor/compressor_top.sv:9)
     Parameters (Total: 2)
         STRINGSIZE = 128 (default: 128)
         TABLESIZE  = 128 (default: 128)
     Instances (Total: 1): combined_top.compressor 

================================================================================

Elaborated Name: 'compinput'
    (RTL Design Unit name: 'compinput', /home/cudia2/Desktop/NSK_Research/m_compression/lzrw1-comp-core/lint/../hdl/compressor/compinput.sv:18)
     Parameters (Total: 1)
         HISTORY = 128 (default: 4096)
     Instances (Total: 1): combined_top.compressor.comp 

================================================================================

Elaborated Name: 'Comparator'
    (RTL Design Unit name: 'Comparator', /home/cudia2/Desktop/NSK_Research/m_compression/lzrw1-comp-core/lint/../hdl/compressor/Comparator.sv:17)
     Parameters (Total: 0)
     Instances (Total: 1): combined_top.compressor.cptr 

================================================================================

Elaborated Name: 'tableOfPtr'
    (RTL Design Unit name: 'tableOfPtr', /home/cudia2/Desktop/NSK_Research/m_compression/lzrw1-comp-core/lint/../hdl/compressor/tableofPtr.sv:20)
     Parameters (Total: 1)
         TABLESIZE = 128 (default: 4096)
     Instances (Total: 1): combined_top.compressor.tob 

================================================================================

Elaborated Name: 'CompressedValues'
    (RTL Design Unit name: 'CompressedValues', /home/cudia2/Desktop/NSK_Research/m_compression/lzrw1-comp-core/lint/../hdl/compressor/CompressedValues.sv:21)
     Parameters (Total: 1)
         STRINGSIZE = 128 (default: 4096)
     Instances (Total: 1): combined_top.compressor.CV 

================================================================================

Elaborated Name: 'hashFunction'
    (RTL Design Unit name: 'hashFunction', /home/cudia2/Desktop/NSK_Research/m_compression/lzrw1-comp-core/lint/../hdl/compressor/hashFunction.sv:13)
     Parameters (Total: 0)
     Instances (Total: 1): combined_top.compressor.hF 

================================================================================

Elaborated Name: 'decompressor_top'
    (RTL Design Unit name: 'decompressor_top', /home/cudia2/Desktop/NSK_Research/m_compression/lzrw1-comp-core/lint/../hdl/decompressor/decompressor_top.sv:22)
     Parameters (Total: 2)
         HISTORY_SIZE       = 128 (default: 4096)
         HISTORY_ADDR_WIDTH = 7 (default: $clog2(HISTORY_SIZE))
     Instances (Total: 1): combined_top.decompressor 

================================================================================

Elaborated Name: 'history_buffer'
    (RTL Design Unit name: 'history_buffer', /home/cudia2/Desktop/NSK_Research/m_compression/lzrw1-comp-core/lint/../hdl/decompressor/history_buffer.sv:10)
     Parameters (Total: 3)
         HISTORY_SIZE       = 128 (default: 4096)
         ENTRY_WIDTH        = 8 (default: 8)
         HISTORY_ADDR_WIDTH = 7 (default: $clog2(HISTORY_SIZE))
     Instances (Total: 1): combined_top.decompressor.myhist 

================================================================================

Elaborated Name: 'combined_top'
    (RTL Design Unit name: 'combined_top', /home/cudia2/Desktop/NSK_Research/m_compression/lzrw1-comp-core/lint/../hdl/combined_top.sv:1)
     Parameters (Total: 4)
         STRINGSIZE          = 128 (default: 128)
         TABLESIZE           = 128 (default: 128)
         RANDTABLE           = 2048 (default: 2048)
         TABLE_ADDRESS_WIDTH = 7 (default: $clog2(TABLESIZE))
================================================================================
