
################################################################################
#
# This file has been generated by SpyGlass:
#     Report Name      : moresimple_turbo
#     Report Created by: cudia2
#     Report Created on: Wed Oct 23 17:35:49 2024
#     Working Directory: /home/cudia2/Desktop/NSK_Research/m_compression/lzrw1-comp-core/lint
#     SpyGlass Version : SpyGlass_vR-2020.12-SP1-1
#     Policy Name      : SpyGlass(SpyGlass_vR-2020.12-SP1-01)
#                        auto-verify(SpyGlass_vR-2020.12-SP1-01)
#                        erc(SpyGlass_vR-2020.12-SP1-01)
#                        latch(SpyGlass_vR-2020.12-SP1-01)
#                        lint(SpyGlass_vR-2020.12-SP1-01)
#                        morelint(SpyGlass_vR-2020.12-SP1-01)
#                        openmore(SpyGlass_vR-2020.12-SP1-01)
#                        simulation(SpyGlass_vR-2020.12-SP1-01)
#                        starc(SpyGlass_vR-2020.12-SP1-01)
#                        starc2005(SpyGlass_vR-2020.12-SP1-01)
#
#     Total Number of Generated Primary Messages   :         27
#     Total Number of Generated Secondary Messages :          0
#     Number of Waived Primary Messages            :         10
#     Number of Waived Secondary Messages          :          0
#     Number of Reported Primary Messages          :         17
#     Number of Reported Secondary Messages        :          0
#     Number of Overlimit Messages                 :          0
#
#
################################################################################

++++++++++++++++++++++++++++++++++++++++++++++++++++++++++++++++++++++++++++++++++++++++++++++++++++++++++++++++
MORESIMPLE_TURBO REPORT:


############### BuiltIn -> RuleGroup=Design Read ###############
++++++++++++++++++++++++++++++++++++++++++++++++++++++++++++++++++++++++++++++++++++++++++++++++++++++++++++++++++++++++
ID       ParentID   Rule                    Alias                   Severity    File                                                                                                      Line    Wt    Message
========================================================================================================================
[4]      N.A        DetectTopDesignUnits    DetectTopDesignUnits    Info        /home/cudia2/Desktop/NSK_Research/m_compression/lzrw1-comp-core/lint/../hdl/combined_top.sv               1       2     Module combined_top is a top level design unit
[2F]     N.A        FLAT_504                FLAT_504                Warning     /home/cudia2/Desktop/NSK_Research/m_compression/lzrw1-comp-core/lint/../hdl/compressor/hashFunction.sv    40      10    Logic evaluation for macro instance 'rtlc_I49175' (master: M_RTL_MUX_4096) inside module 'hashFunction' done partially as its input(s) data bus size '4096' exceeds the threshold limit of '1024'. To improve the accuracy of logic evaluation 'set_option define_cell_sim_depth 12'
[3]      N.A        ElabSummary             ElabSummary             Info        ./spyglass-1/combined_top/lint/lint_turbo_rtl/spyglass_reports/SpyGlass/elab_summary.rpt                  0       2     Please refer file './spyglass-1/combined_top/lint/lint_turbo_rtl/spyglass_reports/SpyGlass/elab_summary.rpt' for elab summary report
[0]      N.A        TurboModeStatus         TurboModeStatus         Info        N.A.                                                                                                      0       10    Turbo-Mode is enabled in the current run as turbo_struct license feature successfully checked out
+++++++++++++++++++++++++++++++++++++++++++++++++++++++++++++++++++++++++++++++++++++++++++++++++++++++++++++++++++++++


############### Non-BuiltIn -> Goal=lint/lint_turbo_rtl ###############
++++++++++++++++++++++++++++++++++++++++++++++++++++++++++++++++++++++++++++++++++++++++++++++++++++++++++++++++++++++++
ID       ParentID   Rule               Alias                 Severity    File                                                                                                            Line    Wt    Message
========================================================================================================================
[2E]     N.A        STARC05-1.3.1.3    AsyncResetOtherUse    Warning     /home/cudia2/Desktop/NSK_Research/m_compression/lzrw1-comp-core/lint/../hdl/decompressor/decompressor_top.sv    75      10    Asynchronous reset signal 'combined_top.reset' (flop: 'combined_top.decompressor.decomp_state[0]') used as non-reset/synchronous-reset at instance 'combined_top.compressor.comp.Done_reg.D' (File Name: '/home/cudia2/Desktop/NSK_Research/m_compression/lzrw1-comp-core/lint/../hdl/compressor/compinput.sv' ,Line no.: '66')
[E]      N.A        W116                                     Warning     /home/cudia2/Desktop/NSK_Research/m_compression/lzrw1-comp-core/lint/../hdl/compressor/compinput.sv             45      10    For operator (-), left expression: "bytePointer" width 12 should match right expression: "s_offset" width 32. [Hierarchy: ':combined_top:compressor@compressor_top:comp@compinput']
[D]      N.A        W116                                     Warning     /home/cudia2/Desktop/NSK_Research/m_compression/lzrw1-comp-core/lint/../hdl/compressor/compinput.sv             93      10    For operator (-), left expression: "bytePointer" width 12 should match right expression: "s_offset" width 32. [Hierarchy: ':combined_top:compressor@compressor_top:comp@compinput']
[C]      N.A        W116                                     Warning     /home/cudia2/Desktop/NSK_Research/m_compression/lzrw1-comp-core/lint/../hdl/compressor/compinput.sv             97      10    For operator (-), left expression: "bytePointer" width 12 should match right expression: "s_offset" width 32. [Hierarchy: ':combined_top:compressor@compressor_top:comp@compinput']
[F]      N.A        W116                                     Warning     /home/cudia2/Desktop/NSK_Research/m_compression/lzrw1-comp-core/lint/../hdl/decompressor/decompressor_top.sv    135     10    For operator (-), left expression: "history_in_addr" width 7 should match right expression: "data_in.compressed_objects.offset" width 12. [Hierarchy: ':combined_top:decompressor@decompressor_top:decompressor_fsm']
[10]     N.A        W116                                     Warning     /home/cudia2/Desktop/NSK_Research/m_compression/lzrw1-comp-core/lint/../hdl/decompressor/decompressor_top.sv    136     10    For operator (-), left expression: "history_in_addr" width 7 should match right expression: "data_in.compressed_objects.offset" width 12. [Hierarchy: ':combined_top:decompressor@decompressor_top:decompressor_fsm']
[8]      N.A        W240                                     Warning     /home/cudia2/Desktop/NSK_Research/m_compression/lzrw1-comp-core/lint/../hdl/compressor/Comparator.sv            19      10    Input 'ControlBit' declared but not read.[Hierarchy: ':combined_top:compressor@compressor_top:cptr@Comparator']
[11]     N.A        W362                                     Warning     /home/cudia2/Desktop/NSK_Research/m_compression/lzrw1-comp-core/lint/../hdl/decompressor/decompressor_top.sv    134     10    For operator (>), left expression: "history_in_addr" width 7 should match right expression: "data_in.compressed_objects.offset" width 12 [Hierarchy: ':combined_top:decompressor@decompressor_top:decompressor_fsm']
[7]      N.A        W528                                     Warning     /home/cudia2/Desktop/NSK_Research/m_compression/lzrw1-comp-core/lint/../hdl/compressor/compinput.sv             143     10    Variable 'valueHistory' set but not read.[Hierarchy: ':combined_top:compressor@compressor_top:comp@compinput']
[6]      N.A        W528                                     Warning     /home/cudia2/Desktop/NSK_Research/m_compression/lzrw1-comp-core/lint/../hdl/compressor/compressor_top.sv        93      10    Variable 'compressPtr' set but not read.[Hierarchy: ':combined_top:compressor@compressor_top']
[A]      N.A        W528                                     Warning     /home/cudia2/Desktop/NSK_Research/m_compression/lzrw1-comp-core/lint/../hdl/compressor/tableofPtr.sv            78      10    Variable 'tableValue[31:0]' set but not read.[Hierarchy: ':combined_top:compressor@compressor_top:tob@tableOfPtr']
[B]      N.A        W528                                     Warning     /home/cudia2/Desktop/NSK_Research/m_compression/lzrw1-comp-core/lint/../hdl/decompressor/decompressor_top.sv    71      10    Variable 'data_in_int' set but not read.[Hierarchy: ':combined_top:decompressor@decompressor_top']
[9]      N.A        W528                                     Info        ./spyglass-1/combined_top/lint/lint_turbo_rtl/spyglass_reports/lint/SignalUsageReport.rpt                       0       10    Please refer to 'SignalUsageReport.rpt' for details of violating bits
+++++++++++++++++++++++++++++++++++++++++++++++++++++++++++++++++++++++++++++++++++++++++++++++++++++++++++++++++++++++
