
################################################################################
#
# This file has been generated by SpyGlass:
#     Report Name      : waiver
#     Report Created by: cudia2
#     Report Created on:  Wed Oct 23 17:35:49 2024
#     Working Directory: /home/cudia2/Desktop/NSK_Research/m_compression/lzrw1-comp-core/lint
#     SpyGlass Version : SpyGlass_vR-2020.12-SP1-1
#     Policy Name      : SpyGlass(SpyGlass_vR-2020.12-SP1-01)
#                        auto-verify(SpyGlass_vR-2020.12-SP1-01)
#                        erc(SpyGlass_vR-2020.12-SP1-01)
#                        latch(SpyGlass_vR-2020.12-SP1-01)
#                        lint(SpyGlass_vR-2020.12-SP1-01)
#                        morelint(SpyGlass_vR-2020.12-SP1-01)
#                        openmore(SpyGlass_vR-2020.12-SP1-01)
#                        simulation(SpyGlass_vR-2020.12-SP1-01)
#                        starc(SpyGlass_vR-2020.12-SP1-01)
#                        starc2005(SpyGlass_vR-2020.12-SP1-01)
#
#     Total Number of Generated Primary Messages   :         27
#     Total Number of Generated Secondary Messages :          0
#     Number of Waived Primary Messages            :         10
#     Number of Waived Secondary Messages          :          0
#     Number of Reported Primary Messages          :         17
#     Number of Reported Secondary Messages        :          0
#     Number of Overlimit Messages                 :          0
#
#     Total Number of Waivers                            :          3
#     Number of Waivers Applied                          :          3
#     Number of Waivers with Regex and/or wildcard       :          0
#     Number of Waivers with -rule                       :          3
#     Number of Waivers with line number and/or file info:          0
#     Number of Waive -IP commands                       :          0
#
#
################################################################################

WAIVER REPORT:
+++++++++++++++++++++++++++++++++++++++++++++++++++++++++++++++++++++++++++++++

Design Issues Waiver Report
+++++++++++++++++++++++++++++++++++++++++++++++++++++++++++++++++++++++++++++++

waive -rule "SYNTH_12611" 
#spg_backref : "lint.awl" 1

4 message(s) waived:
===============================================================================
Index    Rule        Severity         File                                                                                                         Line Wt   Message
===============================================================================
[12]     SYNTH_12611 SynthesisWarning /home/cudia2/Desktop/NSK_Research/m_compression/lzrw1-comp-core/lint/../hdl/decompressor/decompressor_top.sv 200  1000 decompressor_top -> Property blocks will be ignored for synthesis
[14]     SYNTH_12611 SynthesisWarning /home/cudia2/Desktop/NSK_Research/m_compression/lzrw1-comp-core/lint/../hdl/decompressor/decompressor_top.sv 207  1000 decompressor_top -> Property blocks will be ignored for synthesis
[16]     SYNTH_12611 SynthesisWarning /home/cudia2/Desktop/NSK_Research/m_compression/lzrw1-comp-core/lint/../hdl/decompressor/decompressor_top.sv 214  1000 decompressor_top -> Property blocks will be ignored for synthesis
[18]     SYNTH_12611 SynthesisWarning /home/cudia2/Desktop/NSK_Research/m_compression/lzrw1-comp-core/lint/../hdl/decompressor/decompressor_top.sv 221  1000 decompressor_top -> Property blocks will be ignored for synthesis
===============================================================================

waive -rule "SYNTH_5064" 
#spg_backref : "lint.awl" 2

4 message(s) waived:
===============================================================================
Index    Rule       Severity         File                                                                                                         Line Wt   Message
===============================================================================
[13]     SYNTH_5064 SynthesisWarning /home/cudia2/Desktop/NSK_Research/m_compression/lzrw1-comp-core/lint/../hdl/decompressor/decompressor_top.sv 205  1000 decompressor_top -> ASSERT statements are not synthesizable. Ignoring for synthesis
[15]     SYNTH_5064 SynthesisWarning /home/cudia2/Desktop/NSK_Research/m_compression/lzrw1-comp-core/lint/../hdl/decompressor/decompressor_top.sv 212  1000 decompressor_top -> ASSERT statements are not synthesizable. Ignoring for synthesis
[17]     SYNTH_5064 SynthesisWarning /home/cudia2/Desktop/NSK_Research/m_compression/lzrw1-comp-core/lint/../hdl/decompressor/decompressor_top.sv 219  1000 decompressor_top -> ASSERT statements are not synthesizable. Ignoring for synthesis
[19]     SYNTH_5064 SynthesisWarning /home/cudia2/Desktop/NSK_Research/m_compression/lzrw1-comp-core/lint/../hdl/decompressor/decompressor_top.sv 226  1000 decompressor_top -> ASSERT statements are not synthesizable. Ignoring for synthesis
===============================================================================

waive -rule "WRN_1453" 
#spg_backref : "lint.awl" 3

2 message(s) waived:
===============================================================================
Index    Rule     Severity File                                                                                                     Line Wt   Message
===============================================================================
[1]      WRN_1453 Warning  /home/cudia2/Desktop/NSK_Research/m_compression/lzrw1-comp-core/lint/../hdl/compressor/compressor_top.sv 93   1000 Invalid output port specification ( compressPtr ) for instance ( CV ),  ( compressPtr ) expression not permissible
[2]      WRN_1453 Warning  /home/cudia2/Desktop/NSK_Research/m_compression/lzrw1-comp-core/lint/../hdl/combined_top.sv              113  1000 Invalid output port specification ( controlPtr ) for instance ( compressor ),  ( c_controlPtr ) expression not permissible
===============================================================================

